<?xml version="1.0" encoding="UTF-8"?>
<!-- Generated by org.testng.reporters.JUnitReportReporter -->
<testsuite hostname="DESKTOP-3GOS30O" failures="0" tests="1" name="testCases.TC001_AccountRegistrationTest" time="2.476" errors="0" timestamp="2025-05-15T11:29:57 IST" skipped="0">
  <testcase classname="testCases.TC001_AccountRegistrationTest" name="verify_account_registration" time="2.476"/>
</testsuite> <!-- testCases.TC001_AccountRegistrationTest -->
